[2025-05-22 14:28:22Z INFO HostContext] No proxy settings were found based on environmental variables (http_proxy/https_proxy/HTTP_PROXY/HTTPS_PROXY)
[2025-05-22 14:28:22Z INFO HostContext] Well known directory 'Bin': 'C:\Users\kgupta\HIL-1\actions-runner\bin'
[2025-05-22 14:28:22Z INFO HostContext] Well known directory 'Root': 'C:\Users\kgupta\HIL-1\actions-runner'
[2025-05-22 14:28:22Z INFO HostContext] Well known config file 'Credentials': 'C:\Users\kgupta\HIL-1\actions-runner\.credentials'
[2025-05-22 14:28:22Z INFO HostContext] Well known directory 'Bin': 'C:\Users\kgupta\HIL-1\actions-runner\bin'
[2025-05-22 14:28:22Z INFO HostContext] Well known directory 'Root': 'C:\Users\kgupta\HIL-1\actions-runner'
[2025-05-22 14:28:22Z INFO HostContext] Well known config file 'Runner': 'C:\Users\kgupta\HIL-1\actions-runner\.runner'
[2025-05-22 14:28:22Z INFO Listener] Runner is built for Windows (X64) - win-x64.
[2025-05-22 14:28:22Z INFO Listener] RuntimeInformation: Microsoft Windows 10.0.19045.
[2025-05-22 14:28:22Z INFO Listener] Version: 2.324.0
[2025-05-22 14:28:22Z INFO Listener] Commit: da3412efd49b1cf1a0fbdcbcee4e4ac4cc2177c8
[2025-05-22 14:28:22Z INFO Listener] Culture: en-US
[2025-05-22 14:28:22Z INFO Listener] UI Culture: en-US
[2025-05-22 14:28:22Z INFO HostContext] Well known directory 'Bin': 'C:\Users\kgupta\HIL-1\actions-runner\bin'
[2025-05-22 14:28:22Z INFO HostContext] Well known directory 'Root': 'C:\Users\kgupta\HIL-1\actions-runner'
[2025-05-22 14:28:22Z INFO Listener] Validating directory permissions for: 'C:\Users\kgupta\HIL-1\actions-runner'
[2025-05-22 14:28:22Z INFO CommandLineParser] Parse
[2025-05-22 14:28:22Z INFO CommandLineParser] Parsing 1 args
[2025-05-22 14:28:22Z INFO CommandLineParser] parsing argument
[2025-05-22 14:28:22Z INFO CommandLineParser] HasArgs: False
[2025-05-22 14:28:22Z INFO CommandLineParser] Adding Command: run
[2025-05-22 14:28:22Z INFO Listener] Arguments parsed
[2025-05-22 14:28:22Z INFO Runner] ExecuteCommand
[2025-05-22 14:28:22Z INFO ConfigurationStore] currentAssemblyLocation: C:\Users\kgupta\HIL-1\actions-runner\bin\Runner.Listener.dll
[2025-05-22 14:28:22Z INFO HostContext] Well known directory 'Bin': 'C:\Users\kgupta\HIL-1\actions-runner\bin'
[2025-05-22 14:28:22Z INFO ConfigurationStore] binPath: C:\Users\kgupta\HIL-1\actions-runner\bin
[2025-05-22 14:28:22Z INFO HostContext] Well known directory 'Bin': 'C:\Users\kgupta\HIL-1\actions-runner\bin'
[2025-05-22 14:28:22Z INFO HostContext] Well known directory 'Root': 'C:\Users\kgupta\HIL-1\actions-runner'
[2025-05-22 14:28:22Z INFO ConfigurationStore] RootFolder: C:\Users\kgupta\HIL-1\actions-runner
[2025-05-22 14:28:22Z INFO HostContext] Well known directory 'Bin': 'C:\Users\kgupta\HIL-1\actions-runner\bin'
[2025-05-22 14:28:22Z INFO HostContext] Well known directory 'Root': 'C:\Users\kgupta\HIL-1\actions-runner'
[2025-05-22 14:28:22Z INFO HostContext] Well known config file 'Runner': 'C:\Users\kgupta\HIL-1\actions-runner\.runner'
[2025-05-22 14:28:22Z INFO ConfigurationStore] ConfigFilePath: C:\Users\kgupta\HIL-1\actions-runner\.runner
[2025-05-22 14:28:22Z INFO HostContext] Well known directory 'Bin': 'C:\Users\kgupta\HIL-1\actions-runner\bin'
[2025-05-22 14:28:22Z INFO HostContext] Well known directory 'Root': 'C:\Users\kgupta\HIL-1\actions-runner'
[2025-05-22 14:28:22Z INFO HostContext] Well known config file 'MigratedRunner': 'C:\Users\kgupta\HIL-1\actions-runner\.runner_migrated'
[2025-05-22 14:28:22Z INFO ConfigurationStore] MigratedConfigFilePath: C:\Users\kgupta\HIL-1\actions-runner\.runner_migrated
[2025-05-22 14:28:22Z INFO HostContext] Well known directory 'Bin': 'C:\Users\kgupta\HIL-1\actions-runner\bin'
[2025-05-22 14:28:22Z INFO HostContext] Well known directory 'Root': 'C:\Users\kgupta\HIL-1\actions-runner'
[2025-05-22 14:28:22Z INFO HostContext] Well known config file 'Credentials': 'C:\Users\kgupta\HIL-1\actions-runner\.credentials'
[2025-05-22 14:28:22Z INFO ConfigurationStore] CredFilePath: C:\Users\kgupta\HIL-1\actions-runner\.credentials
[2025-05-22 14:28:22Z INFO HostContext] Well known directory 'Bin': 'C:\Users\kgupta\HIL-1\actions-runner\bin'
[2025-05-22 14:28:22Z INFO HostContext] Well known directory 'Root': 'C:\Users\kgupta\HIL-1\actions-runner'
[2025-05-22 14:28:22Z INFO HostContext] Well known config file 'MigratedCredentials': 'C:\Users\kgupta\HIL-1\actions-runner\.credentials_migrated'
[2025-05-22 14:28:22Z INFO ConfigurationStore] MigratedCredFilePath: C:\Users\kgupta\HIL-1\actions-runner\.credentials_migrated
[2025-05-22 14:28:22Z INFO HostContext] Well known directory 'Bin': 'C:\Users\kgupta\HIL-1\actions-runner\bin'
[2025-05-22 14:28:22Z INFO HostContext] Well known directory 'Root': 'C:\Users\kgupta\HIL-1\actions-runner'
[2025-05-22 14:28:22Z INFO HostContext] Well known config file 'Service': 'C:\Users\kgupta\HIL-1\actions-runner\.service'
[2025-05-22 14:28:22Z INFO ConfigurationStore] ServiceConfigFilePath: C:\Users\kgupta\HIL-1\actions-runner\.service
[2025-05-22 14:28:22Z INFO CommandSettings] Flag 'help': 'False'
[2025-05-22 14:28:22Z INFO CommandSettings] Flag 'version': 'False'
[2025-05-22 14:28:22Z INFO CommandSettings] Flag 'commit': 'False'
[2025-05-22 14:28:22Z INFO CommandSettings] Flag 'check': 'False'
[2025-05-22 14:28:22Z INFO CommandSettings] Command 'configure': 'False'
[2025-05-22 14:28:22Z INFO CommandSettings] Command 'remove': 'False'
[2025-05-22 14:28:22Z INFO CommandSettings] Command 'warmup': 'False'
[2025-05-22 14:28:22Z INFO ConfigurationManager] LoadSettings
[2025-05-22 14:28:22Z INFO ConfigurationStore] IsConfigured()
[2025-05-22 14:28:22Z INFO ConfigurationStore] IsConfigured: True
[2025-05-22 14:28:22Z INFO ConfigurationManager] Is configured: True
[2025-05-22 14:28:22Z INFO ConfigurationStore] Read setting file: 297 chars
[2025-05-22 14:28:22Z INFO ConfigurationManager] Settings Loaded
[2025-05-22 14:28:22Z INFO ConfigurationStore] IsServiceConfigured()
[2025-05-22 14:28:22Z INFO ConfigurationStore] IsServiceConfigured: False
[2025-05-22 14:28:22Z INFO CommandSettings] Command 'run': 'True'
[2025-05-22 14:28:22Z INFO ConfigurationStore] IsConfigured()
[2025-05-22 14:28:22Z INFO ConfigurationStore] IsConfigured: True
[2025-05-22 14:28:22Z INFO ConfigurationManager] Is configured: True
[2025-05-22 14:28:22Z INFO Runner] Could not parse the argument value '' for StartupType. Defaulting to Manual
[2025-05-22 14:28:22Z INFO Runner] Set runner startup type - Manual
[2025-05-22 14:28:22Z INFO CommandSettings] Flag 'once': 'False'
[2025-05-22 14:28:22Z INFO CommandSettings] Flag 'once': 'False'
[2025-05-22 14:28:22Z INFO Runner] RunAsync
[2025-05-22 14:28:22Z INFO ConfigurationManager] LoadMigratedSettings
[2025-05-22 14:28:22Z INFO ConfigurationStore] IsMigratedConfigured()
[2025-05-22 14:28:22Z INFO ConfigurationStore] IsMigratedConfigured: False
[2025-05-22 14:28:22Z INFO Runner] Failed to load migrated settings: No migrated configuration found.
[2025-05-22 14:28:22Z INFO Runner] Falling back to original .runner settings
[2025-05-22 14:28:22Z INFO ConfigurationManager] LoadSettings
[2025-05-22 14:28:22Z INFO ConfigurationStore] IsConfigured()
[2025-05-22 14:28:22Z INFO ConfigurationStore] IsConfigured: True
[2025-05-22 14:28:22Z INFO ConfigurationManager] Is configured: True
[2025-05-22 14:28:22Z INFO ConfigurationManager] Settings Loaded
[2025-05-22 14:28:22Z INFO MessageListener] {
  "AgentId": 21,
  "AgentName": "KGUPTA",
  "PoolId": 1,
  "PoolName": "Default",
  "ServerUrl": "https://pipelinesghubeus10.actions.githubusercontent.com/hG1PqMZgmXXlA5kqSCfQmzAMA9erLWBykVYdKMkUJZf68kuY3k/",
  "GitHubUrl": "https://github.com/krashAtWork/HIL",
  "WorkFolder": "_work"
}
[2025-05-22 14:28:22Z INFO MessageListener] Loading Credentials
[2025-05-22 14:28:22Z INFO ConfigurationStore] HasCredentials()
[2025-05-22 14:28:22Z INFO ConfigurationStore] stored True
[2025-05-22 14:28:22Z INFO CredentialManager] GetCredentialProvider
[2025-05-22 14:28:22Z INFO CredentialManager] Creating type OAuth
[2025-05-22 14:28:22Z INFO CredentialManager] Creating credential type: OAuth
[2025-05-22 14:28:22Z INFO HostContext] Well known directory 'Bin': 'C:\Users\kgupta\HIL-1\actions-runner\bin'
[2025-05-22 14:28:22Z INFO HostContext] Well known directory 'Root': 'C:\Users\kgupta\HIL-1\actions-runner'
[2025-05-22 14:28:22Z INFO HostContext] Well known config file 'RSACredentials': 'C:\Users\kgupta\HIL-1\actions-runner\.credentials_rsaparams'
[2025-05-22 14:28:22Z INFO RSAEncryptedFileKeyManager] Loading RSA key parameters from file C:\Users\kgupta\HIL-1\actions-runner\.credentials_rsaparams
[2025-05-22 14:28:22Z INFO MessageListener] Attempt to create session.
[2025-05-22 14:28:22Z INFO MessageListener] Connecting to the Runner Server...
[2025-05-22 14:28:22Z INFO RunnerServer] EstablishVssConnection
[2025-05-22 14:28:22Z INFO RunnerServer] Establish connection with 100 seconds timeout.
[2025-05-22 14:28:22Z INFO GitHubActionsService] Starting operation Location.GetConnectionData
[2025-05-22 14:28:22Z INFO RunnerServer] EstablishVssConnection
[2025-05-22 14:28:22Z INFO RunnerServer] Establish connection with 60 seconds timeout.
[2025-05-22 14:28:22Z INFO GitHubActionsService] Starting operation Location.GetConnectionData
[2025-05-22 14:28:22Z INFO RunnerServer] EstablishVssConnection
[2025-05-22 14:28:22Z INFO RunnerServer] Establish connection with 60 seconds timeout.
[2025-05-22 14:28:22Z INFO GitHubActionsService] Starting operation Location.GetConnectionData
[2025-05-22 14:28:22Z INFO GitHubActionsService] Finished operation Location.GetConnectionData
[2025-05-22 14:28:22Z INFO GitHubActionsService] Finished operation Location.GetConnectionData
[2025-05-22 14:28:22Z INFO GitHubActionsService] Finished operation Location.GetConnectionData
[2025-05-22 14:28:22Z INFO MessageListener] VssConnection created
[2025-05-22 14:28:22Z INFO Terminal] WRITE LINE: 
[2025-05-22 14:28:22Z INFO Terminal] WRITE LINE: 
[2025-05-22 14:28:22Z INFO RSAEncryptedFileKeyManager] Loading RSA key parameters from file C:\Users\kgupta\HIL-1\actions-runner\.credentials_rsaparams
[2025-05-22 14:28:22Z INFO RSAEncryptedFileKeyManager] Loading RSA key parameters from file C:\Users\kgupta\HIL-1\actions-runner\.credentials_rsaparams
[2025-05-22 14:28:23Z INFO GitHubActionsService] AAD Correlation ID for this token request: Unknown
[2025-05-22 14:28:23Z INFO MessageListener] Session created.
[2025-05-22 14:28:23Z INFO MessageListener] Registering AuthMigrationChanged event handler.
[2025-05-22 14:28:23Z INFO Terminal] WRITE LINE: Current runner version: '2.324.0'
[2025-05-22 14:28:23Z INFO Terminal] WRITE LINE: 2025-05-22 14:28:23Z: Listening for Jobs
[2025-05-22 14:28:23Z INFO JobDispatcher] Set runner/worker IPC timeout to 30 seconds.
[2025-05-22 14:28:23Z INFO ConfigurationStore] HasCredentials()
[2025-05-22 14:28:23Z INFO ConfigurationStore] stored True
[2025-05-22 14:28:23Z INFO CredentialManager] GetCredentialProvider
[2025-05-22 14:28:23Z INFO CredentialManager] Creating type OAuth
[2025-05-22 14:28:23Z INFO CredentialManager] Creating credential type: OAuth
[2025-05-22 14:28:23Z INFO RSAEncryptedFileKeyManager] Loading RSA key parameters from file C:\Users\kgupta\HIL-1\actions-runner\.credentials_rsaparams
[2025-05-22 14:28:23Z INFO RSAEncryptedFileKeyManager] Loading RSA key parameters from file C:\Users\kgupta\HIL-1\actions-runner\.credentials_rsaparams
[2025-05-22 14:28:23Z INFO RSAEncryptedFileKeyManager] Loading RSA key parameters from file C:\Users\kgupta\HIL-1\actions-runner\.credentials_rsaparams
[2025-05-22 14:28:23Z INFO GitHubActionsService] AAD Correlation ID for this token request: Unknown
[2025-05-22 14:29:13Z INFO ConfigurationStore] HasCredentials()
[2025-05-22 14:29:13Z INFO ConfigurationStore] stored True
[2025-05-22 14:29:13Z INFO CredentialManager] GetCredentialProvider
[2025-05-22 14:29:13Z INFO CredentialManager] Creating type OAuth
[2025-05-22 14:29:13Z INFO CredentialManager] Creating credential type: OAuth
[2025-05-22 14:29:13Z INFO RSAEncryptedFileKeyManager] Loading RSA key parameters from file C:\Users\kgupta\HIL-1\actions-runner\.credentials_rsaparams
[2025-05-22 14:30:03Z INFO ConfigurationStore] HasCredentials()
[2025-05-22 14:30:03Z INFO ConfigurationStore] stored True
[2025-05-22 14:30:03Z INFO CredentialManager] GetCredentialProvider
[2025-05-22 14:30:03Z INFO CredentialManager] Creating type OAuth
[2025-05-22 14:30:03Z INFO CredentialManager] Creating credential type: OAuth
[2025-05-22 14:30:03Z INFO RSAEncryptedFileKeyManager] Loading RSA key parameters from file C:\Users\kgupta\HIL-1\actions-runner\.credentials_rsaparams
[2025-05-22 14:30:53Z INFO ConfigurationStore] HasCredentials()
[2025-05-22 14:30:53Z INFO ConfigurationStore] stored True
[2025-05-22 14:30:53Z INFO CredentialManager] GetCredentialProvider
[2025-05-22 14:30:53Z INFO CredentialManager] Creating type OAuth
[2025-05-22 14:30:53Z INFO CredentialManager] Creating credential type: OAuth
[2025-05-22 14:30:53Z INFO RSAEncryptedFileKeyManager] Loading RSA key parameters from file C:\Users\kgupta\HIL-1\actions-runner\.credentials_rsaparams
[2025-05-22 14:31:43Z INFO ConfigurationStore] HasCredentials()
[2025-05-22 14:31:43Z INFO ConfigurationStore] stored True
[2025-05-22 14:31:43Z INFO CredentialManager] GetCredentialProvider
[2025-05-22 14:31:43Z INFO CredentialManager] Creating type OAuth
[2025-05-22 14:31:43Z INFO CredentialManager] Creating credential type: OAuth
[2025-05-22 14:31:43Z INFO RSAEncryptedFileKeyManager] Loading RSA key parameters from file C:\Users\kgupta\HIL-1\actions-runner\.credentials_rsaparams
[2025-05-22 14:32:33Z INFO ConfigurationStore] HasCredentials()
[2025-05-22 14:32:33Z INFO ConfigurationStore] stored True
[2025-05-22 14:32:33Z INFO CredentialManager] GetCredentialProvider
[2025-05-22 14:32:33Z INFO CredentialManager] Creating type OAuth
[2025-05-22 14:32:33Z INFO CredentialManager] Creating credential type: OAuth
[2025-05-22 14:32:33Z INFO RSAEncryptedFileKeyManager] Loading RSA key parameters from file C:\Users\kgupta\HIL-1\actions-runner\.credentials_rsaparams
[2025-05-22 14:33:23Z INFO ConfigurationStore] HasCredentials()
[2025-05-22 14:33:23Z INFO ConfigurationStore] stored True
[2025-05-22 14:33:23Z INFO CredentialManager] GetCredentialProvider
[2025-05-22 14:33:23Z INFO CredentialManager] Creating type OAuth
[2025-05-22 14:33:23Z INFO CredentialManager] Creating credential type: OAuth
[2025-05-22 14:33:23Z INFO RSAEncryptedFileKeyManager] Loading RSA key parameters from file C:\Users\kgupta\HIL-1\actions-runner\.credentials_rsaparams
